<?xml version="1.0" encoding="UTF-8"?>
<!-- Generated by org.testng.reporters.JUnitReportReporter -->
<testsuite hostname="DESKTOP-23HNN2E" name="com.phpProject.HomepageTest" tests="1" failures="0" timestamp="20 Sep 2019 23:08:36 GMT" time="17.971" errors="0">
  <testcase name="loginTest" time="17.971" classname="com.phpProject.HomepageTest"/>
</testsuite> <!-- com.phpProject.HomepageTest -->
