<?xml version="1.0" encoding="UTF-8"?>
<!-- Generated by org.testng.reporters.JUnitReportReporter -->
<testsuite hostname="DESKTOP-23HNN2E" name="com.phpProject.NavigationBarTest" tests="2" failures="0" timestamp="20 Sep 2019 23:08:36 GMT" time="1.319" errors="0">
  <testcase name="searchTest" time="1.155" classname="com.phpProject.NavigationBarTest"/>
  <testcase name="navigationTest" time="0.164" classname="com.phpProject.NavigationBarTest"/>
</testsuite> <!-- com.phpProject.NavigationBarTest -->
