<?xml version="1.0" encoding="UTF-8"?>
<!-- Generated by org.testng.reporters.JUnitReportReporter -->
<testsuite hostname="DESKTOP-23HNN2E" name="database.JDBCConnection" tests="1" failures="0" timestamp="11 Sep 2019 22:36:28 GMT" time="0.802" errors="0">
  <testcase name="test" time="0.802" classname="database.JDBCConnection"/>
</testsuite> <!-- database.JDBCConnection -->
