<?xml version="1.0" encoding="UTF-8"?>
<!-- Generated by org.testng.reporters.JUnitReportReporter -->
<testsuite hostname="DESKTOP-23HNN2E" name="com.phpProject.NavigationHomepage" tests="2" failures="0" timestamp="11 Sep 2019 22:03:25 GMT" time="0.015" errors="0">
  <testcase name="openBrowser" time="0.015" classname="com.phpProject.NavigationHomepage"/>
  <testcase name="test" time="0.000" classname="com.phpProject.NavigationHomepage"/>
</testsuite> <!-- com.phpProject.NavigationHomepage -->
