<?xml version="1.0" encoding="UTF-8"?>
<!-- Generated by org.testng.reporters.JUnitReportReporter -->
<testsuite hostname="DESKTOP-23HNN2E" failures="0" tests="1" name="com.phpProject.HomepageTest" time="11.373" errors="0" timestamp="2019-09-11T12:29:02 PDT" skipped="0">
  <testcase classname="com.phpProject.HomepageTest" name="loginTest" time="11.373"/>
</testsuite> <!-- com.phpProject.HomepageTest -->
