<?xml version="1.0" encoding="UTF-8"?>
<!-- Generated by org.testng.reporters.JUnitReportReporter -->
<testsuite hostname="DESKTOP-23HNN2E" failures="0" tests="2" name="com.phpProject.NavigationBarTest" time="0.972" errors="0" timestamp="2019-09-11T12:29:02 PDT" skipped="0">
  <testcase classname="com.phpProject.NavigationBarTest" name="navigationTest" time="0.162"/>
  <testcase classname="com.phpProject.NavigationBarTest" name="searchTest" time="0.810"/>
</testsuite> <!-- com.phpProject.NavigationBarTest -->
